<?xml version="1.0" encoding="UTF-8"?>
<testsuite name="com.junior.apimercado.repository.ProdutoMapperTest" tests="12" skipped="0" failures="0" errors="0" timestamp="2021-08-17T12:30:38" hostname="technocorp-Lenovo-ideapad-320-15IKB" time="0.668">
  <properties/>
  <testcase name="list_Produto_Like()" classname="com.junior.apimercado.repository.ProdutoMapperTest" time="0.551"/>
  <testcase name="list_Like()" classname="com.junior.apimercado.repository.ProdutoMapperTest" time="0.011"/>
  <testcase name="find_Id()" classname="com.junior.apimercado.repository.ProdutoMapperTest" time="0.008"/>
  <testcase name="save_Produto()" classname="com.junior.apimercado.repository.ProdutoMapperTest" time="0.016"/>
  <testcase name="put_Produto()" classname="com.junior.apimercado.repository.ProdutoMapperTest" time="0.012"/>
  <testcase name="erro_Id_NotExist_List()" classname="com.junior.apimercado.repository.ProdutoMapperTest" time="0.009"/>
  <testcase name="list_Produto()" classname="com.junior.apimercado.repository.ProdutoMapperTest" time="0.007"/>
  <testcase name="erro_Id_NotExist_Remove()" classname="com.junior.apimercado.repository.ProdutoMapperTest" time="0.009"/>
  <testcase name="erro_Name_Exist()" classname="com.junior.apimercado.repository.ProdutoMapperTest" time="0.009"/>
  <testcase name="erro_Id_NotExist_Put()" classname="com.junior.apimercado.repository.ProdutoMapperTest" time="0.008"/>
  <testcase name="delete_From_Id()" classname="com.junior.apimercado.repository.ProdutoMapperTest" time="0.009"/>
  <testcase name="list_Price_Smaller()" classname="com.junior.apimercado.repository.ProdutoMapperTest" time="0.008"/>
  <system-out><![CDATA[09:30:33.646 [Test worker] DEBUG org.springframework.test.context.BootstrapUtils - Instantiating CacheAwareContextLoaderDelegate from class [org.springframework.test.context.cache.DefaultCacheAwareContextLoaderDelegate]
09:30:33.660 [Test worker] DEBUG org.springframework.test.context.BootstrapUtils - Instantiating BootstrapContext using constructor [public org.springframework.test.context.support.DefaultBootstrapContext(java.lang.Class,org.springframework.test.context.CacheAwareContextLoaderDelegate)]
09:30:33.697 [Test worker] DEBUG org.springframework.test.context.BootstrapUtils - Instantiating TestContextBootstrapper for test class [com.junior.apimercado.repository.ProdutoMapperTest] from class [org.springframework.boot.test.context.SpringBootTestContextBootstrapper]
09:30:33.710 [Test worker] INFO org.springframework.boot.test.context.SpringBootTestContextBootstrapper - Neither @ContextConfiguration nor @ContextHierarchy found for test class [com.junior.apimercado.repository.ProdutoMapperTest], using SpringBootContextLoader
09:30:33.715 [Test worker] DEBUG org.springframework.test.context.support.AbstractContextLoader - Did not detect default resource location for test class [com.junior.apimercado.repository.ProdutoMapperTest]: class path resource [com/junior/apimercado/repository/ProdutoMapperTest-context.xml] does not exist
09:30:33.715 [Test worker] DEBUG org.springframework.test.context.support.AbstractContextLoader - Did not detect default resource location for test class [com.junior.apimercado.repository.ProdutoMapperTest]: class path resource [com/junior/apimercado/repository/ProdutoMapperTestContext.groovy] does not exist
09:30:33.716 [Test worker] INFO org.springframework.test.context.support.AbstractContextLoader - Could not detect default resource locations for test class [com.junior.apimercado.repository.ProdutoMapperTest]: no resource found for suffixes {-context.xml, Context.groovy}.
09:30:33.717 [Test worker] INFO org.springframework.test.context.support.AnnotationConfigContextLoaderUtils - Could not detect default configuration classes for test class [com.junior.apimercado.repository.ProdutoMapperTest]: ProdutoMapperTest does not declare any static, non-private, non-final, nested classes annotated with @Configuration.
09:30:33.767 [Test worker] DEBUG org.springframework.test.context.support.ActiveProfilesUtils - Could not find an 'annotation declaring class' for annotation type [org.springframework.test.context.ActiveProfiles] and class [com.junior.apimercado.repository.ProdutoMapperTest]
09:30:33.857 [Test worker] DEBUG org.springframework.context.annotation.ClassPathScanningCandidateComponentProvider - Identified candidate component class: file [/home/technocorp/Documentos/2-Sprint/build/classes/java/main/com/junior/apimercado/ApiMercadoApplication.class]
09:30:33.858 [Test worker] INFO org.springframework.boot.test.context.SpringBootTestContextBootstrapper - Found @SpringBootConfiguration com.junior.apimercado.ApiMercadoApplication for test class com.junior.apimercado.repository.ProdutoMapperTest
09:30:33.959 [Test worker] DEBUG org.springframework.boot.test.context.SpringBootTestContextBootstrapper - @TestExecutionListeners is not present for class [com.junior.apimercado.repository.ProdutoMapperTest]: using defaults.
09:30:33.960 [Test worker] INFO org.springframework.boot.test.context.SpringBootTestContextBootstrapper - Loaded default TestExecutionListener class names from location [META-INF/spring.factories]: [org.springframework.boot.test.autoconfigure.restdocs.RestDocsTestExecutionListener, org.springframework.boot.test.autoconfigure.web.client.MockRestServiceServerResetTestExecutionListener, org.springframework.boot.test.autoconfigure.web.servlet.MockMvcPrintOnlyOnFailureTestExecutionListener, org.springframework.boot.test.autoconfigure.web.servlet.WebDriverTestExecutionListener, org.springframework.boot.test.autoconfigure.webservices.client.MockWebServiceServerTestExecutionListener, org.springframework.boot.test.mock.mockito.MockitoTestExecutionListener, org.springframework.boot.test.mock.mockito.ResetMocksTestExecutionListener, org.springframework.test.context.web.ServletTestExecutionListener, org.springframework.test.context.support.DirtiesContextBeforeModesTestExecutionListener, org.springframework.test.context.event.ApplicationEventsTestExecutionListener, org.springframework.test.context.support.DependencyInjectionTestExecutionListener, org.springframework.test.context.support.DirtiesContextTestExecutionListener, org.springframework.test.context.transaction.TransactionalTestExecutionListener, org.springframework.test.context.jdbc.SqlScriptsTestExecutionListener, org.springframework.test.context.event.EventPublishingTestExecutionListener]
09:30:33.981 [Test worker] INFO org.springframework.boot.test.context.SpringBootTestContextBootstrapper - Using TestExecutionListeners: [org.springframework.test.context.web.ServletTestExecutionListener@19066eda, org.springframework.test.context.support.DirtiesContextBeforeModesTestExecutionListener@28112647, org.springframework.test.context.event.ApplicationEventsTestExecutionListener@50844697, org.springframework.boot.test.mock.mockito.MockitoTestExecutionListener@324f63be, org.springframework.boot.test.autoconfigure.SpringBootDependencyInjectionTestExecutionListener@1895bb93, org.springframework.test.context.support.DirtiesContextTestExecutionListener@399785d8, org.springframework.test.context.transaction.TransactionalTestExecutionListener@4b55cc83, org.springframework.test.context.jdbc.SqlScriptsTestExecutionListener@2ce04c4, org.springframework.test.context.event.EventPublishingTestExecutionListener@37327e2d, org.springframework.boot.test.autoconfigure.restdocs.RestDocsTestExecutionListener@320e8456, org.springframework.boot.test.autoconfigure.web.client.MockRestServiceServerResetTestExecutionListener@57da7740, org.springframework.boot.test.autoconfigure.web.servlet.MockMvcPrintOnlyOnFailureTestExecutionListener@25c0b15b, org.springframework.boot.test.autoconfigure.web.servlet.WebDriverTestExecutionListener@1a770d8, org.springframework.boot.test.autoconfigure.webservices.client.MockWebServiceServerTestExecutionListener@474d688e, org.springframework.boot.test.mock.mockito.ResetMocksTestExecutionListener@43a96750]
09:30:33.985 [Test worker] DEBUG org.springframework.test.context.support.AbstractDirtiesContextTestExecutionListener - Before test class: context [DefaultTestContext@35d83fed testClass = ProdutoMapperTest, testInstance = [null], testMethod = [null], testException = [null], mergedContextConfiguration = [WebMergedContextConfiguration@33541983 testClass = ProdutoMapperTest, locations = '{}', classes = '{class com.junior.apimercado.ApiMercadoApplication}', contextInitializerClasses = '[]', activeProfiles = '{}', propertySourceLocations = '{classpath:application-test.properties}', propertySourceProperties = '{org.springframework.boot.test.context.SpringBootTestContextBootstrapper=true, server.port=0}', contextCustomizers = set[org.springframework.boot.test.autoconfigure.actuate.metrics.MetricsExportContextCustomizerFactory$DisableMetricExportContextCustomizer@5d9c315b, org.springframework.boot.test.autoconfigure.properties.PropertyMappingContextCustomizer@0, org.springframework.boot.test.autoconfigure.web.servlet.WebDriverContextCustomizerFactory$Customizer@19c3d68f, org.springframework.boot.test.context.filter.ExcludeFilterContextCustomizer@66d79c01, org.springframework.boot.test.json.DuplicateJsonObjectContextCustomizerFactory$DuplicateJsonObjectContextCustomizer@67720b5e, org.springframework.boot.test.mock.mockito.MockitoContextCustomizer@0, org.springframework.boot.test.web.client.TestRestTemplateContextCustomizer@79e943b0, org.springframework.boot.test.context.SpringBootTestArgs@1, org.springframework.boot.test.context.SpringBootTestWebEnvironment@227060b3], resourceBasePath = 'src/main/webapp', contextLoader = 'org.springframework.boot.test.context.SpringBootContextLoader', parent = [null]], attributes = map['org.springframework.test.context.web.ServletTestExecutionListener.activateListener' -> false]], class annotated with @DirtiesContext [false] with mode [null].
09:30:34.007 [Test worker] DEBUG org.springframework.test.context.support.DependencyInjectionTestExecutionListener - Performing dependency injection for test context [[DefaultTestContext@35d83fed testClass = ProdutoMapperTest, testInstance = com.junior.apimercado.repository.ProdutoMapperTest@31376cb0, testMethod = [null], testException = [null], mergedContextConfiguration = [WebMergedContextConfiguration@33541983 testClass = ProdutoMapperTest, locations = '{}', classes = '{class com.junior.apimercado.ApiMercadoApplication}', contextInitializerClasses = '[]', activeProfiles = '{}', propertySourceLocations = '{classpath:application-test.properties}', propertySourceProperties = '{org.springframework.boot.test.context.SpringBootTestContextBootstrapper=true, server.port=0}', contextCustomizers = set[org.springframework.boot.test.autoconfigure.actuate.metrics.MetricsExportContextCustomizerFactory$DisableMetricExportContextCustomizer@5d9c315b, org.springframework.boot.test.autoconfigure.properties.PropertyMappingContextCustomizer@0, org.springframework.boot.test.autoconfigure.web.servlet.WebDriverContextCustomizerFactory$Customizer@19c3d68f, org.springframework.boot.test.context.filter.ExcludeFilterContextCustomizer@66d79c01, org.springframework.boot.test.json.DuplicateJsonObjectContextCustomizerFactory$DuplicateJsonObjectContextCustomizer@67720b5e, org.springframework.boot.test.mock.mockito.MockitoContextCustomizer@0, org.springframework.boot.test.web.client.TestRestTemplateContextCustomizer@79e943b0, org.springframework.boot.test.context.SpringBootTestArgs@1, org.springframework.boot.test.context.SpringBootTestWebEnvironment@227060b3], resourceBasePath = 'src/main/webapp', contextLoader = 'org.springframework.boot.test.context.SpringBootContextLoader', parent = [null]], attributes = map['org.springframework.test.context.web.ServletTestExecutionListener.activateListener' -> false, 'org.springframework.test.context.event.ApplicationEventsTestExecutionListener.recordApplicationEvents' -> false]]].
09:30:34.063 [Test worker] DEBUG org.springframework.test.context.support.TestPropertySourceUtils - Adding inlined properties to environment: {spring.jmx.enabled=false, org.springframework.boot.test.context.SpringBootTestContextBootstrapper=true, server.port=0}

  .   ____          _            __ _ _
 /\\ / ___'_ __ _ _(_)_ __  __ _ \ \ \ \
( ( )\___ | '_ | '_| | '_ \/ _` | \ \ \ \
 \\/  ___)| |_)| | | | | || (_| |  ) ) ) )
  '  |____| .__|_| |_|_| |_\__, | / / / /
 =========|_|==============|___/=/_/_/_/
 :: Spring Boot ::                (v2.5.3)

2021-08-17 09:30:34.415  INFO 21204 --- [    Test worker] c.j.a.repository.ProdutoMapperTest       : Starting ProdutoMapperTest using Java 11.0.10 on technocorp-Lenovo-ideapad-320-15IKB with PID 21204 (started by technocorp in /home/technocorp/Documentos/2-Sprint)
2021-08-17 09:30:34.426  INFO 21204 --- [    Test worker] c.j.a.repository.ProdutoMapperTest       : No active profile set, falling back to default profiles: default
2021-08-17 09:30:36.313  INFO 21204 --- [    Test worker] o.s.b.w.embedded.tomcat.TomcatWebServer  : Tomcat initialized with port(s): 0 (http)
2021-08-17 09:30:36.326  INFO 21204 --- [    Test worker] o.apache.catalina.core.StandardService   : Starting service [Tomcat]
2021-08-17 09:30:36.326  INFO 21204 --- [    Test worker] org.apache.catalina.core.StandardEngine  : Starting Servlet engine: [Apache Tomcat/9.0.50]
2021-08-17 09:30:36.407  INFO 21204 --- [    Test worker] o.a.c.c.C.[Tomcat].[localhost].[/]       : Initializing Spring embedded WebApplicationContext
2021-08-17 09:30:36.408  INFO 21204 --- [    Test worker] w.s.c.ServletWebServerApplicationContext : Root WebApplicationContext: initialization completed in 1959 ms
2021-08-17 09:30:36.457  INFO 21204 --- [    Test worker] com.zaxxer.hikari.HikariDataSource       : HikariPool-1 - Starting...
2021-08-17 09:30:36.615  INFO 21204 --- [    Test worker] com.zaxxer.hikari.HikariDataSource       : HikariPool-1 - Start completed.
2021-08-17 09:30:36.622  INFO 21204 --- [    Test worker] o.s.b.a.h2.H2ConsoleAutoConfiguration    : H2 console available at '/h2-console'. Database available at 'jdbc:h2:mem:db'
2021-08-17 09:30:37.304  INFO 21204 --- [    Test worker] pertySourcedRequestMappingHandlerMapping : Mapped URL path [/v2/api-docs] onto method [springfox.documentation.swagger2.web.Swagger2Controller#getDocumentation(String, HttpServletRequest)]
2021-08-17 09:30:37.790  INFO 21204 --- [    Test worker] o.s.b.w.embedded.tomcat.TomcatWebServer  : Tomcat started on port(s): 36909 (http) with context path ''
2021-08-17 09:30:37.791  INFO 21204 --- [    Test worker] d.s.w.p.DocumentationPluginsBootstrapper : Context refreshed
2021-08-17 09:30:37.809  INFO 21204 --- [    Test worker] d.s.w.p.DocumentationPluginsBootstrapper : Found 1 custom documentation plugin(s)
2021-08-17 09:30:37.849  INFO 21204 --- [    Test worker] s.d.s.w.s.ApiListingReferenceScanner     : Scanning for api listing references
2021-08-17 09:30:38.031  INFO 21204 --- [    Test worker] c.j.a.repository.ProdutoMapperTest       : Started ProdutoMapperTest in 3.965 seconds (JVM running for 5.681)
]]></system-out>
  <system-err><![CDATA[]]></system-err>
</testsuite>
