<?xml version="1.0" encoding="UTF-8"?>
<testsuite name="com.junior.apimercado.repository.ProdutoMapperTest" tests="13" skipped="0" failures="0" errors="0" timestamp="2021-08-17T15:30:54" hostname="technocorp-Lenovo-ideapad-320-15IKB" time="0.547">
  <properties/>
  <testcase name="list_Produto_Like()" classname="com.junior.apimercado.repository.ProdutoMapperTest" time="0.429"/>
  <testcase name="error_Id_NotExist_Put()" classname="com.junior.apimercado.repository.ProdutoMapperTest" time="0.02"/>
  <testcase name="error_Id_NotExist_List()" classname="com.junior.apimercado.repository.ProdutoMapperTest" time="0.009"/>
  <testcase name="list_Like()" classname="com.junior.apimercado.repository.ProdutoMapperTest" time="0.009"/>
  <testcase name="find_Id()" classname="com.junior.apimercado.repository.ProdutoMapperTest" time="0.005"/>
  <testcase name="save_Produto()" classname="com.junior.apimercado.repository.ProdutoMapperTest" time="0.014"/>
  <testcase name="put_Produto()" classname="com.junior.apimercado.repository.ProdutoMapperTest" time="0.011"/>
  <testcase name="error_Id_NotExist_Remove()" classname="com.junior.apimercado.repository.ProdutoMapperTest" time="0.007"/>
  <testcase name="error_Name_NotExist()" classname="com.junior.apimercado.repository.ProdutoMapperTest" time="0.005"/>
  <testcase name="error_Name_Exist()" classname="com.junior.apimercado.repository.ProdutoMapperTest" time="0.005"/>
  <testcase name="list_Produto()" classname="com.junior.apimercado.repository.ProdutoMapperTest" time="0.005"/>
  <testcase name="delete_From_Id()" classname="com.junior.apimercado.repository.ProdutoMapperTest" time="0.01"/>
  <testcase name="list_Price_Smaller()" classname="com.junior.apimercado.repository.ProdutoMapperTest" time="0.008"/>
  <system-out><![CDATA[12:30:50.501 [Test worker] DEBUG org.springframework.test.context.BootstrapUtils - Instantiating CacheAwareContextLoaderDelegate from class [org.springframework.test.context.cache.DefaultCacheAwareContextLoaderDelegate]
12:30:50.536 [Test worker] DEBUG org.springframework.test.context.BootstrapUtils - Instantiating BootstrapContext using constructor [public org.springframework.test.context.support.DefaultBootstrapContext(java.lang.Class,org.springframework.test.context.CacheAwareContextLoaderDelegate)]
12:30:50.571 [Test worker] DEBUG org.springframework.test.context.BootstrapUtils - Instantiating TestContextBootstrapper for test class [com.junior.apimercado.repository.ProdutoMapperTest] from class [org.springframework.boot.test.context.SpringBootTestContextBootstrapper]
12:30:50.581 [Test worker] INFO org.springframework.boot.test.context.SpringBootTestContextBootstrapper - Neither @ContextConfiguration nor @ContextHierarchy found for test class [com.junior.apimercado.repository.ProdutoMapperTest], using SpringBootContextLoader
12:30:50.585 [Test worker] DEBUG org.springframework.test.context.support.AbstractContextLoader - Did not detect default resource location for test class [com.junior.apimercado.repository.ProdutoMapperTest]: class path resource [com/junior/apimercado/repository/ProdutoMapperTest-context.xml] does not exist
12:30:50.586 [Test worker] DEBUG org.springframework.test.context.support.AbstractContextLoader - Did not detect default resource location for test class [com.junior.apimercado.repository.ProdutoMapperTest]: class path resource [com/junior/apimercado/repository/ProdutoMapperTestContext.groovy] does not exist
12:30:50.586 [Test worker] INFO org.springframework.test.context.support.AbstractContextLoader - Could not detect default resource locations for test class [com.junior.apimercado.repository.ProdutoMapperTest]: no resource found for suffixes {-context.xml, Context.groovy}.
12:30:50.587 [Test worker] INFO org.springframework.test.context.support.AnnotationConfigContextLoaderUtils - Could not detect default configuration classes for test class [com.junior.apimercado.repository.ProdutoMapperTest]: ProdutoMapperTest does not declare any static, non-private, non-final, nested classes annotated with @Configuration.
12:30:50.627 [Test worker] DEBUG org.springframework.test.context.support.ActiveProfilesUtils - Could not find an 'annotation declaring class' for annotation type [org.springframework.test.context.ActiveProfiles] and class [com.junior.apimercado.repository.ProdutoMapperTest]
12:30:50.687 [Test worker] DEBUG org.springframework.context.annotation.ClassPathScanningCandidateComponentProvider - Identified candidate component class: file [/home/technocorp/Documentos/2-Sprint/build/classes/java/main/com/junior/apimercado/ApiMercadoApplication.class]
12:30:50.689 [Test worker] INFO org.springframework.boot.test.context.SpringBootTestContextBootstrapper - Found @SpringBootConfiguration com.junior.apimercado.ApiMercadoApplication for test class com.junior.apimercado.repository.ProdutoMapperTest
12:30:50.787 [Test worker] DEBUG org.springframework.boot.test.context.SpringBootTestContextBootstrapper - @TestExecutionListeners is not present for class [com.junior.apimercado.repository.ProdutoMapperTest]: using defaults.
12:30:50.787 [Test worker] INFO org.springframework.boot.test.context.SpringBootTestContextBootstrapper - Loaded default TestExecutionListener class names from location [META-INF/spring.factories]: [org.springframework.boot.test.autoconfigure.restdocs.RestDocsTestExecutionListener, org.springframework.boot.test.autoconfigure.web.client.MockRestServiceServerResetTestExecutionListener, org.springframework.boot.test.autoconfigure.web.servlet.MockMvcPrintOnlyOnFailureTestExecutionListener, org.springframework.boot.test.autoconfigure.web.servlet.WebDriverTestExecutionListener, org.springframework.boot.test.autoconfigure.webservices.client.MockWebServiceServerTestExecutionListener, org.springframework.boot.test.mock.mockito.MockitoTestExecutionListener, org.springframework.boot.test.mock.mockito.ResetMocksTestExecutionListener, org.springframework.test.context.web.ServletTestExecutionListener, org.springframework.test.context.support.DirtiesContextBeforeModesTestExecutionListener, org.springframework.test.context.event.ApplicationEventsTestExecutionListener, org.springframework.test.context.support.DependencyInjectionTestExecutionListener, org.springframework.test.context.support.DirtiesContextTestExecutionListener, org.springframework.test.context.transaction.TransactionalTestExecutionListener, org.springframework.test.context.jdbc.SqlScriptsTestExecutionListener, org.springframework.test.context.event.EventPublishingTestExecutionListener]
12:30:50.809 [Test worker] INFO org.springframework.boot.test.context.SpringBootTestContextBootstrapper - Using TestExecutionListeners: [org.springframework.test.context.web.ServletTestExecutionListener@3c11f3cc, org.springframework.test.context.support.DirtiesContextBeforeModesTestExecutionListener@48af46d0, org.springframework.test.context.event.ApplicationEventsTestExecutionListener@371d0a91, org.springframework.boot.test.mock.mockito.MockitoTestExecutionListener@25f78107, org.springframework.boot.test.autoconfigure.SpringBootDependencyInjectionTestExecutionListener@164b99e6, org.springframework.test.context.support.DirtiesContextTestExecutionListener@2460c439, org.springframework.test.context.transaction.TransactionalTestExecutionListener@7b761ba6, org.springframework.test.context.jdbc.SqlScriptsTestExecutionListener@62104276, org.springframework.test.context.event.EventPublishingTestExecutionListener@28de637b, org.springframework.boot.test.autoconfigure.restdocs.RestDocsTestExecutionListener@a3d2b55, org.springframework.boot.test.autoconfigure.web.client.MockRestServiceServerResetTestExecutionListener@41ddba9f, org.springframework.boot.test.autoconfigure.web.servlet.MockMvcPrintOnlyOnFailureTestExecutionListener@213e5320, org.springframework.boot.test.autoconfigure.web.servlet.WebDriverTestExecutionListener@7a2029c7, org.springframework.boot.test.autoconfigure.webservices.client.MockWebServiceServerTestExecutionListener@1924d255, org.springframework.boot.test.mock.mockito.ResetMocksTestExecutionListener@35018aac]
12:30:50.814 [Test worker] DEBUG org.springframework.test.context.support.AbstractDirtiesContextTestExecutionListener - Before test class: context [DefaultTestContext@1289577f testClass = ProdutoMapperTest, testInstance = [null], testMethod = [null], testException = [null], mergedContextConfiguration = [WebMergedContextConfiguration@caa850c testClass = ProdutoMapperTest, locations = '{}', classes = '{class com.junior.apimercado.ApiMercadoApplication}', contextInitializerClasses = '[]', activeProfiles = '{}', propertySourceLocations = '{classpath:application-test.properties}', propertySourceProperties = '{org.springframework.boot.test.context.SpringBootTestContextBootstrapper=true, server.port=0}', contextCustomizers = set[org.springframework.boot.test.autoconfigure.actuate.metrics.MetricsExportContextCustomizerFactory$DisableMetricExportContextCustomizer@2884e61a, org.springframework.boot.test.autoconfigure.properties.PropertyMappingContextCustomizer@0, org.springframework.boot.test.autoconfigure.web.servlet.WebDriverContextCustomizerFactory$Customizer@cf897af, org.springframework.boot.test.context.filter.ExcludeFilterContextCustomizer@483b8239, org.springframework.boot.test.json.DuplicateJsonObjectContextCustomizerFactory$DuplicateJsonObjectContextCustomizer@297aa228, org.springframework.boot.test.mock.mockito.MockitoContextCustomizer@0, org.springframework.boot.test.web.client.TestRestTemplateContextCustomizer@6ebf1cd0, org.springframework.boot.test.context.SpringBootTestArgs@1, org.springframework.boot.test.context.SpringBootTestWebEnvironment@5e119752], resourceBasePath = 'src/main/webapp', contextLoader = 'org.springframework.boot.test.context.SpringBootContextLoader', parent = [null]], attributes = map['org.springframework.test.context.web.ServletTestExecutionListener.activateListener' -> false]], class annotated with @DirtiesContext [false] with mode [null].
12:30:50.827 [Test worker] DEBUG org.springframework.test.context.support.DependencyInjectionTestExecutionListener - Performing dependency injection for test context [[DefaultTestContext@1289577f testClass = ProdutoMapperTest, testInstance = com.junior.apimercado.repository.ProdutoMapperTest@6177d133, testMethod = [null], testException = [null], mergedContextConfiguration = [WebMergedContextConfiguration@caa850c testClass = ProdutoMapperTest, locations = '{}', classes = '{class com.junior.apimercado.ApiMercadoApplication}', contextInitializerClasses = '[]', activeProfiles = '{}', propertySourceLocations = '{classpath:application-test.properties}', propertySourceProperties = '{org.springframework.boot.test.context.SpringBootTestContextBootstrapper=true, server.port=0}', contextCustomizers = set[org.springframework.boot.test.autoconfigure.actuate.metrics.MetricsExportContextCustomizerFactory$DisableMetricExportContextCustomizer@2884e61a, org.springframework.boot.test.autoconfigure.properties.PropertyMappingContextCustomizer@0, org.springframework.boot.test.autoconfigure.web.servlet.WebDriverContextCustomizerFactory$Customizer@cf897af, org.springframework.boot.test.context.filter.ExcludeFilterContextCustomizer@483b8239, org.springframework.boot.test.json.DuplicateJsonObjectContextCustomizerFactory$DuplicateJsonObjectContextCustomizer@297aa228, org.springframework.boot.test.mock.mockito.MockitoContextCustomizer@0, org.springframework.boot.test.web.client.TestRestTemplateContextCustomizer@6ebf1cd0, org.springframework.boot.test.context.SpringBootTestArgs@1, org.springframework.boot.test.context.SpringBootTestWebEnvironment@5e119752], resourceBasePath = 'src/main/webapp', contextLoader = 'org.springframework.boot.test.context.SpringBootContextLoader', parent = [null]], attributes = map['org.springframework.test.context.web.ServletTestExecutionListener.activateListener' -> false, 'org.springframework.test.context.event.ApplicationEventsTestExecutionListener.recordApplicationEvents' -> false]]].
12:30:50.865 [Test worker] DEBUG org.springframework.test.context.support.TestPropertySourceUtils - Adding inlined properties to environment: {spring.jmx.enabled=false, org.springframework.boot.test.context.SpringBootTestContextBootstrapper=true, server.port=0}

  .   ____          _            __ _ _
 /\\ / ___'_ __ _ _(_)_ __  __ _ \ \ \ \
( ( )\___ | '_ | '_| | '_ \/ _` | \ \ \ \
 \\/  ___)| |_)| | | | | || (_| |  ) ) ) )
  '  |____| .__|_| |_|_| |_\__, | / / / /
 =========|_|==============|___/=/_/_/_/
 :: Spring Boot ::                (v2.5.3)

2021-08-17 12:30:51.213  INFO 50388 --- [    Test worker] c.j.a.repository.ProdutoMapperTest       : Starting ProdutoMapperTest using Java 11.0.10 on technocorp-Lenovo-ideapad-320-15IKB with PID 50388 (started by technocorp in /home/technocorp/Documentos/2-Sprint)
2021-08-17 12:30:51.217  INFO 50388 --- [    Test worker] c.j.a.repository.ProdutoMapperTest       : No active profile set, falling back to default profiles: default
2021-08-17 12:30:52.937  INFO 50388 --- [    Test worker] o.s.b.w.embedded.tomcat.TomcatWebServer  : Tomcat initialized with port(s): 0 (http)
2021-08-17 12:30:52.948  INFO 50388 --- [    Test worker] o.apache.catalina.core.StandardService   : Starting service [Tomcat]
2021-08-17 12:30:52.948  INFO 50388 --- [    Test worker] org.apache.catalina.core.StandardEngine  : Starting Servlet engine: [Apache Tomcat/9.0.50]
2021-08-17 12:30:53.035  INFO 50388 --- [    Test worker] o.a.c.c.C.[Tomcat].[localhost].[/]       : Initializing Spring embedded WebApplicationContext
2021-08-17 12:30:53.035  INFO 50388 --- [    Test worker] w.s.c.ServletWebServerApplicationContext : Root WebApplicationContext: initialization completed in 1795 ms
2021-08-17 12:30:53.095  INFO 50388 --- [    Test worker] com.zaxxer.hikari.HikariDataSource       : HikariPool-1 - Starting...
2021-08-17 12:30:53.292  INFO 50388 --- [    Test worker] com.zaxxer.hikari.HikariDataSource       : HikariPool-1 - Start completed.
2021-08-17 12:30:53.301  INFO 50388 --- [    Test worker] o.s.b.a.h2.H2ConsoleAutoConfiguration    : H2 console available at '/h2-console'. Database available at 'jdbc:h2:mem:db'
2021-08-17 12:30:54.053  INFO 50388 --- [    Test worker] pertySourcedRequestMappingHandlerMapping : Mapped URL path [/v2/api-docs] onto method [springfox.documentation.swagger2.web.Swagger2Controller#getDocumentation(String, HttpServletRequest)]
2021-08-17 12:30:54.545  INFO 50388 --- [    Test worker] o.s.b.w.embedded.tomcat.TomcatWebServer  : Tomcat started on port(s): 33585 (http) with context path ''
2021-08-17 12:30:54.546  INFO 50388 --- [    Test worker] d.s.w.p.DocumentationPluginsBootstrapper : Context refreshed
2021-08-17 12:30:54.562  INFO 50388 --- [    Test worker] d.s.w.p.DocumentationPluginsBootstrapper : Found 1 custom documentation plugin(s)
2021-08-17 12:30:54.596  INFO 50388 --- [    Test worker] s.d.s.w.s.ApiListingReferenceScanner     : Scanning for api listing references
2021-08-17 12:30:54.768  INFO 50388 --- [    Test worker] c.j.a.repository.ProdutoMapperTest       : Started ProdutoMapperTest in 3.897 seconds (JVM running for 5.235)
]]></system-out>
  <system-err><![CDATA[]]></system-err>
</testsuite>
